{"D:\\learn-tape\\se18b-ex4-tdd-morHalfon\\lib\\change-calculator.js":{"path":"D:\\learn-tape\\se18b-ex4-tdd-morHalfon\\lib\\change-calculator.js","s":{"1":1,"2":4,"3":4,"4":4,"5":4,"6":4,"7":48,"8":48,"9":22,"10":22,"11":23,"12":23,"13":4},"b":{"1":[22,26]},"f":{"1":4},"fnMap":{"1":{"name":"calculateChange","line":1,"loc":{"start":{"line":1,"column":17},"end":{"line":1,"column":66}}}},"statementMap":{"1":{"start":{"line":1,"column":0},"end":{"line":20,"column":2}},"2":{"start":{"line":2,"column":1},"end":{"line":2,"column":68}},"3":{"start":{"line":3,"column":2},"end":{"line":3,"column":18}},"4":{"start":{"line":4,"column":2},"end":{"line":4,"column":28}},"5":{"start":{"line":5,"column":2},"end":{"line":5,"column":42}},"6":{"start":{"line":7,"column":2},"end":{"line":18,"column":3}},"7":{"start":{"line":8,"column":4},"end":{"line":8,"column":24}},"8":{"start":{"line":10,"column":4},"end":{"line":17,"column":5}},"9":{"start":{"line":11,"column":6},"end":{"line":11,"column":45}},"10":{"start":{"line":13,"column":6},"end":{"line":16,"column":7}},"11":{"start":{"line":14,"column":8},"end":{"line":14,"column":26}},"12":{"start":{"line":15,"column":8},"end":{"line":15,"column":37}},"13":{"start":{"line":19,"column":2},"end":{"line":19,"column":16}}},"branchMap":{"1":{"line":10,"type":"if","locations":[{"start":{"line":10,"column":4},"end":{"line":10,"column":4}},{"start":{"line":10,"column":4},"end":{"line":10,"column":4}}]}}}}